<?xml version="1.0" encoding="UTF-8"?>
<robot generator="Robot 4.1.2 (Python 3.9.7 on win32)" generated="20211213 23:55:32.328" rpa="false" schemaversion="2">
<suite id="s1" name="Tests" source="C:\Users\Dave\OneDrive - De La Salle University - Manila\Desktop\Lenovo Laptop\Paolo\DLSU Manila Campus\3rd Year College\1st term\STSWENG\Exercise\Selenium-Robot\STSWENGExerciseRobotSelenium\tests">
<suite id="s1-s1" name="Robot Selenium Exercise" source="C:\Users\Dave\OneDrive - De La Salle University - Manila\Desktop\Lenovo Laptop\Paolo\DLSU Manila Campus\3rd Year College\1st term\STSWENG\Exercise\Selenium-Robot\STSWENGExerciseRobotSelenium\tests\robot_selenium_exercise.robot">
<test id="s1-s1-t1" name="Valid Login">
<kw name="Open Browser" library="SeleniumLibrary">
<arg>${EXER_URL}</arg>
<arg>${BROWSER}</arg>
<doc>Opens a new browser instance to the optional ``url``.</doc>
<msg timestamp="20211213 23:55:32.632" level="INFO">Opening browser 'chrome' to base url 'https://www.saucedemo.com/'.</msg>
<status status="PASS" starttime="20211213 23:55:32.632" endtime="20211213 23:55:35.530"/>
</kw>
<kw name="Maximize Browser Window" library="SeleniumLibrary">
<doc>Maximizes current browser window.</doc>
<status status="PASS" starttime="20211213 23:55:35.531" endtime="20211213 23:55:35.805"/>
</kw>
<kw name="Page Should Contain Element" library="SeleniumLibrary">
<arg>login-button</arg>
<doc>Verifies that element ``locator`` is found on the current page.</doc>
<msg timestamp="20211213 23:55:35.843" level="INFO">Current page contains element 'login-button'.</msg>
<status status="PASS" starttime="20211213 23:55:35.813" endtime="20211213 23:55:35.843"/>
</kw>
<kw name="Input Text" library="SeleniumLibrary">
<arg>user-name</arg>
<arg>${VALID_USER}</arg>
<doc>Types the given ``text`` into the text field identified by ``locator``.</doc>
<msg timestamp="20211213 23:55:35.844" level="INFO">Typing text 'standard_user' into text field 'user-name'.</msg>
<status status="PASS" starttime="20211213 23:55:35.843" endtime="20211213 23:55:35.967"/>
</kw>
<kw name="Input Password" library="SeleniumLibrary">
<arg>password</arg>
<arg>${VALID_PASS}</arg>
<doc>Types the given password into the text field identified by ``locator``.</doc>
<msg timestamp="20211213 23:55:35.968" level="INFO">Typing password into text field 'password'.</msg>
<msg timestamp="20211213 23:55:36.019" level="INFO">Temporally setting log level to: NONE</msg>
<msg timestamp="20211213 23:55:36.074" level="INFO">Log level changed from NONE to INFO.</msg>
<status status="PASS" starttime="20211213 23:55:35.967" endtime="20211213 23:55:36.074"/>
</kw>
<kw name="Click Button" library="SeleniumLibrary">
<arg>login-button</arg>
<doc>Clicks the button identified by ``locator``.</doc>
<msg timestamp="20211213 23:55:36.075" level="INFO">Clicking button 'login-button'.</msg>
<status status="PASS" starttime="20211213 23:55:36.075" endtime="20211213 23:55:36.230"/>
</kw>
<kw name="Element Text Should Be" library="SeleniumLibrary">
<arg>class:title</arg>
<arg>PRODUCTS</arg>
<doc>Verifies that element ``locator`` contains exact the text ``expected``.</doc>
<msg timestamp="20211213 23:55:36.233" level="INFO">Verifying element 'class:title' contains exact text 'PRODUCTS'.</msg>
<status status="PASS" starttime="20211213 23:55:36.232" endtime="20211213 23:55:36.281"/>
</kw>
<kw name="Close Browser" library="SeleniumLibrary" type="TEARDOWN">
<doc>Closes the current browser.</doc>
<status status="PASS" starttime="20211213 23:55:36.282" endtime="20211213 23:55:38.614"/>
</kw>
<status status="PASS" starttime="20211213 23:55:32.631" endtime="20211213 23:55:38.615"/>
</test>
<test id="s1-s1-t2" name="Invalid Login Locked Out User">
<kw name="Open Browser" library="SeleniumLibrary">
<arg>${EXER_URL}</arg>
<arg>${BROWSER}</arg>
<doc>Opens a new browser instance to the optional ``url``.</doc>
<msg timestamp="20211213 23:55:38.620" level="INFO">Opening browser 'chrome' to base url 'https://www.saucedemo.com/'.</msg>
<status status="PASS" starttime="20211213 23:55:38.620" endtime="20211213 23:55:41.192"/>
</kw>
<kw name="Maximize Browser Window" library="SeleniumLibrary">
<doc>Maximizes current browser window.</doc>
<status status="PASS" starttime="20211213 23:55:41.195" endtime="20211213 23:55:41.351"/>
</kw>
<kw name="Page Should Contain Element" library="SeleniumLibrary">
<arg>login-button</arg>
<doc>Verifies that element ``locator`` is found on the current page.</doc>
<msg timestamp="20211213 23:55:41.451" level="INFO">Current page contains element 'login-button'.</msg>
<status status="PASS" starttime="20211213 23:55:41.354" endtime="20211213 23:55:41.452"/>
</kw>
<kw name="Input Text" library="SeleniumLibrary">
<arg>user-name</arg>
<arg>${LOCKED_USER}</arg>
<doc>Types the given ``text`` into the text field identified by ``locator``.</doc>
<msg timestamp="20211213 23:55:41.480" level="INFO">Typing text 'locked_out_user' into text field 'user-name'.</msg>
<status status="PASS" starttime="20211213 23:55:41.479" endtime="20211213 23:55:41.630"/>
</kw>
<kw name="Input Password" library="SeleniumLibrary">
<arg>password</arg>
<arg>${VALID_PASS}</arg>
<doc>Types the given password into the text field identified by ``locator``.</doc>
<msg timestamp="20211213 23:55:41.631" level="INFO">Typing password into text field 'password'.</msg>
<msg timestamp="20211213 23:55:41.694" level="INFO">Temporally setting log level to: NONE</msg>
<msg timestamp="20211213 23:55:41.742" level="INFO">Log level changed from NONE to INFO.</msg>
<status status="PASS" starttime="20211213 23:55:41.630" endtime="20211213 23:55:41.742"/>
</kw>
<kw name="Click Button" library="SeleniumLibrary">
<arg>login-button</arg>
<doc>Clicks the button identified by ``locator``.</doc>
<msg timestamp="20211213 23:55:41.743" level="INFO">Clicking button 'login-button'.</msg>
<status status="PASS" starttime="20211213 23:55:41.742" endtime="20211213 23:55:41.807"/>
</kw>
<kw name="Page Should Contain" library="SeleniumLibrary">
<arg>Epic sadface: Sorry, this user has been locked out.</arg>
<doc>Verifies that current page contains ``text``.</doc>
<msg timestamp="20211213 23:55:41.820" level="INFO">Current page contains text 'Epic sadface: Sorry, this user has been locked out.'.</msg>
<status status="PASS" starttime="20211213 23:55:41.807" endtime="20211213 23:55:41.820"/>
</kw>
<kw name="Close Browser" library="SeleniumLibrary" type="TEARDOWN">
<doc>Closes the current browser.</doc>
<status status="PASS" starttime="20211213 23:55:41.820" endtime="20211213 23:55:43.982"/>
</kw>
<status status="PASS" starttime="20211213 23:55:38.619" endtime="20211213 23:55:43.982"/>
</test>
<test id="s1-s1-t3" name="Invalid Password">
<kw name="Open Browser" library="SeleniumLibrary">
<arg>${EXER_URL}</arg>
<arg>${BROWSER}</arg>
<doc>Opens a new browser instance to the optional ``url``.</doc>
<msg timestamp="20211213 23:55:43.985" level="INFO">Opening browser 'chrome' to base url 'https://www.saucedemo.com/'.</msg>
<status status="PASS" starttime="20211213 23:55:43.985" endtime="20211213 23:55:46.990"/>
</kw>
<kw name="Maximize Browser Window" library="SeleniumLibrary">
<doc>Maximizes current browser window.</doc>
<status status="PASS" starttime="20211213 23:55:46.991" endtime="20211213 23:55:47.135"/>
</kw>
<kw name="Page Should Contain Element" library="SeleniumLibrary">
<arg>login-button</arg>
<doc>Verifies that element ``locator`` is found on the current page.</doc>
<msg timestamp="20211213 23:55:47.289" level="INFO">Current page contains element 'login-button'.</msg>
<status status="PASS" starttime="20211213 23:55:47.138" endtime="20211213 23:55:47.289"/>
</kw>
<kw name="Input Text" library="SeleniumLibrary">
<arg>user-name</arg>
<arg>${VALID_USER}</arg>
<doc>Types the given ``text`` into the text field identified by ``locator``.</doc>
<msg timestamp="20211213 23:55:47.291" level="INFO">Typing text 'standard_user' into text field 'user-name'.</msg>
<status status="PASS" starttime="20211213 23:55:47.290" endtime="20211213 23:55:47.502"/>
</kw>
<kw name="Input Password" library="SeleniumLibrary">
<arg>password</arg>
<arg>${INVALID_PASS}</arg>
<doc>Types the given password into the text field identified by ``locator``.</doc>
<msg timestamp="20211213 23:55:47.503" level="INFO">Typing password into text field 'password'.</msg>
<msg timestamp="20211213 23:55:47.566" level="INFO">Temporally setting log level to: NONE</msg>
<msg timestamp="20211213 23:55:47.682" level="INFO">Log level changed from NONE to INFO.</msg>
<status status="PASS" starttime="20211213 23:55:47.502" endtime="20211213 23:55:47.682"/>
</kw>
<kw name="Click Button" library="SeleniumLibrary">
<arg>login-button</arg>
<doc>Clicks the button identified by ``locator``.</doc>
<msg timestamp="20211213 23:55:47.691" level="INFO">Clicking button 'login-button'.</msg>
<status status="PASS" starttime="20211213 23:55:47.690" endtime="20211213 23:55:47.855"/>
</kw>
<kw name="Page Should Contain" library="SeleniumLibrary">
<arg>Epic sadface: Username and password do not match any user in this service</arg>
<doc>Verifies that current page contains ``text``.</doc>
<msg timestamp="20211213 23:55:47.887" level="INFO">Current page contains text 'Epic sadface: Username and password do not match any user in this service'.</msg>
<status status="PASS" starttime="20211213 23:55:47.855" endtime="20211213 23:55:47.888"/>
</kw>
<kw name="Close Browser" library="SeleniumLibrary" type="TEARDOWN">
<doc>Closes the current browser.</doc>
<status status="PASS" starttime="20211213 23:55:47.889" endtime="20211213 23:55:50.588"/>
</kw>
<status status="PASS" starttime="20211213 23:55:43.984" endtime="20211213 23:55:50.588"/>
</test>
<test id="s1-s1-t4" name="Problem User">
<kw name="Open Browser" library="SeleniumLibrary">
<arg>${EXER_URL}</arg>
<arg>${BROWSER}</arg>
<doc>Opens a new browser instance to the optional ``url``.</doc>
<msg timestamp="20211213 23:55:50.590" level="INFO">Opening browser 'chrome' to base url 'https://www.saucedemo.com/'.</msg>
<status status="PASS" starttime="20211213 23:55:50.590" endtime="20211213 23:55:53.100"/>
</kw>
<kw name="Maximize Browser Window" library="SeleniumLibrary">
<doc>Maximizes current browser window.</doc>
<status status="PASS" starttime="20211213 23:55:53.101" endtime="20211213 23:55:53.259"/>
</kw>
<kw name="Page Should Contain Element" library="SeleniumLibrary">
<arg>login-button</arg>
<doc>Verifies that element ``locator`` is found on the current page.</doc>
<msg timestamp="20211213 23:55:53.435" level="INFO">Current page contains element 'login-button'.</msg>
<status status="PASS" starttime="20211213 23:55:53.269" endtime="20211213 23:55:53.436"/>
</kw>
<kw name="Input Text" library="SeleniumLibrary">
<arg>user-name</arg>
<arg>${PROB_USER}</arg>
<doc>Types the given ``text`` into the text field identified by ``locator``.</doc>
<msg timestamp="20211213 23:55:53.439" level="INFO">Typing text 'problem_user' into text field 'user-name'.</msg>
<status status="PASS" starttime="20211213 23:55:53.438" endtime="20211213 23:55:54.042"/>
</kw>
<kw name="Input Password" library="SeleniumLibrary">
<arg>password</arg>
<arg>${VALID_PASS}</arg>
<doc>Types the given password into the text field identified by ``locator``.</doc>
<msg timestamp="20211213 23:55:54.092" level="INFO">Typing password into text field 'password'.</msg>
<msg timestamp="20211213 23:55:54.227" level="INFO">Temporally setting log level to: NONE</msg>
<msg timestamp="20211213 23:55:54.321" level="INFO">Log level changed from NONE to INFO.</msg>
<status status="PASS" starttime="20211213 23:55:54.091" endtime="20211213 23:55:54.321"/>
</kw>
<kw name="Click Button" library="SeleniumLibrary">
<arg>login-button</arg>
<doc>Clicks the button identified by ``locator``.</doc>
<msg timestamp="20211213 23:55:54.324" level="INFO">Clicking button 'login-button'.</msg>
<status status="PASS" starttime="20211213 23:55:54.323" endtime="20211213 23:55:54.561"/>
</kw>
<kw name="Page Should Contain" library="SeleniumLibrary">
<arg>Products</arg>
<doc>Verifies that current page contains ``text``.</doc>
<msg timestamp="20211213 23:55:54.588" level="INFO">Current page contains text 'Products'.</msg>
<status status="PASS" starttime="20211213 23:55:54.563" endtime="20211213 23:55:54.588"/>
</kw>
<kw name="Click Element" library="SeleniumLibrary">
<arg>item_5_title_link</arg>
<doc>Click the element identified by ``locator``.</doc>
<msg timestamp="20211213 23:55:54.589" level="INFO">Clicking element 'item_5_title_link'.</msg>
<status status="PASS" starttime="20211213 23:55:54.589" endtime="20211213 23:55:54.704"/>
</kw>
<kw name="Page Should Contain" library="SeleniumLibrary">
<arg>ITEM NOT FOUND</arg>
<doc>Verifies that current page contains ``text``.</doc>
<msg timestamp="20211213 23:55:54.738" level="INFO">Current page contains text 'ITEM NOT FOUND'.</msg>
<status status="PASS" starttime="20211213 23:55:54.705" endtime="20211213 23:55:54.738"/>
</kw>
<kw name="Close Browser" library="SeleniumLibrary" type="TEARDOWN">
<doc>Closes the current browser.</doc>
<status status="PASS" starttime="20211213 23:55:54.739" endtime="20211213 23:55:57.039"/>
</kw>
<status status="PASS" starttime="20211213 23:55:50.589" endtime="20211213 23:55:57.040"/>
</test>
<test id="s1-s1-t5" name="Alphabetically Sort Product Names">
<kw name="Open Browser" library="SeleniumLibrary">
<arg>${EXER_URL}</arg>
<arg>${BROWSER}</arg>
<doc>Opens a new browser instance to the optional ``url``.</doc>
<msg timestamp="20211213 23:55:57.043" level="INFO">Opening browser 'chrome' to base url 'https://www.saucedemo.com/'.</msg>
<status status="PASS" starttime="20211213 23:55:57.042" endtime="20211213 23:56:00.237"/>
</kw>
<kw name="Maximize Browser Window" library="SeleniumLibrary">
<doc>Maximizes current browser window.</doc>
<status status="PASS" starttime="20211213 23:56:00.238" endtime="20211213 23:56:00.413"/>
</kw>
<kw name="Page Should Contain Element" library="SeleniumLibrary">
<arg>login-button</arg>
<doc>Verifies that element ``locator`` is found on the current page.</doc>
<msg timestamp="20211213 23:56:00.563" level="INFO">Current page contains element 'login-button'.</msg>
<status status="PASS" starttime="20211213 23:56:00.419" endtime="20211213 23:56:00.563"/>
</kw>
<kw name="Input Text" library="SeleniumLibrary">
<arg>user-name</arg>
<arg>${VALID_USER}</arg>
<doc>Types the given ``text`` into the text field identified by ``locator``.</doc>
<msg timestamp="20211213 23:56:00.568" level="INFO">Typing text 'standard_user' into text field 'user-name'.</msg>
<status status="PASS" starttime="20211213 23:56:00.567" endtime="20211213 23:56:00.761"/>
</kw>
<kw name="Input Password" library="SeleniumLibrary">
<arg>password</arg>
<arg>${VALID_PASS}</arg>
<doc>Types the given password into the text field identified by ``locator``.</doc>
<msg timestamp="20211213 23:56:00.766" level="INFO">Typing password into text field 'password'.</msg>
<msg timestamp="20211213 23:56:00.822" level="INFO">Temporally setting log level to: NONE</msg>
<msg timestamp="20211213 23:56:00.885" level="INFO">Log level changed from NONE to INFO.</msg>
<status status="PASS" starttime="20211213 23:56:00.765" endtime="20211213 23:56:00.886"/>
</kw>
<kw name="Click Button" library="SeleniumLibrary">
<arg>login-button</arg>
<doc>Clicks the button identified by ``locator``.</doc>
<msg timestamp="20211213 23:56:00.887" level="INFO">Clicking button 'login-button'.</msg>
<status status="PASS" starttime="20211213 23:56:00.887" endtime="20211213 23:56:01.023"/>
</kw>
<kw name="Page Should Contain" library="SeleniumLibrary">
<arg>Products</arg>
<doc>Verifies that current page contains ``text``.</doc>
<msg timestamp="20211213 23:56:01.057" level="INFO">Current page contains text 'Products'.</msg>
<status status="PASS" starttime="20211213 23:56:01.024" endtime="20211213 23:56:01.057"/>
</kw>
<kw name="Select From List By Value" library="SeleniumLibrary">
<arg>class:product_sort_container</arg>
<arg>az</arg>
<doc>Selects options from selection list ``locator`` by ``values``.</doc>
<msg timestamp="20211213 23:56:01.058" level="INFO">Selecting options from selection list 'class:product_sort_container' by value az.</msg>
<status status="PASS" starttime="20211213 23:56:01.057" endtime="20211213 23:56:01.121"/>
</kw>
<kw name="SORT_AZ">
<kw name="Set Variable" library="BuiltIn">
<var>${index}</var>
<arg>0</arg>
<doc>Returns the given values which can then be assigned to a variables.</doc>
<msg timestamp="20211213 23:56:01.123" level="INFO">${index} = 0</msg>
<status status="PASS" starttime="20211213 23:56:01.122" endtime="20211213 23:56:01.123"/>
</kw>
<kw name="Get WebElements" library="SeleniumLibrary">
<var>${products}</var>
<arg>class:inventory_item_name</arg>
<doc>Returns a list of WebElement objects matching the ``locator``.</doc>
<msg timestamp="20211213 23:56:01.135" level="INFO">${products} = [&lt;selenium.webdriver.remote.webelement.WebElement (session="b7a721674e3825b614de4261b01e42b5", element="7683a610-90ce-423f-b729-51e6d1542866")&gt;, &lt;selenium.webdriver.remote.webelement.WebElement (sessi...</msg>
<status status="PASS" starttime="20211213 23:56:01.123" endtime="20211213 23:56:01.135"/>
</kw>
<for flavor="IN">
<var>${item}</var>
<value>@{products}</value>
<iter>
<var name="${item}">&lt;selenium.webdriver.remote.webelement.WebElement (session="b7a721674e3825b614de4261b01e42b5", element="7683a610-90ce-423f-b729-51e6d1542866")&gt;</var>
<kw name="Get From List" library="Collections">
<var>${curItem}</var>
<arg>${azList}</arg>
<arg>${index}</arg>
<doc>Returns the value specified with an ``index`` from ``list``.</doc>
<msg timestamp="20211213 23:56:01.135" level="INFO">${curItem} = Sauce Labs Backpack</msg>
<status status="PASS" starttime="20211213 23:56:01.135" endtime="20211213 23:56:01.135"/>
</kw>
<kw name="Should Be Equal" library="BuiltIn">
<arg>${item.text}</arg>
<arg>${curItem}</arg>
<doc>Fails if the given objects are unequal.</doc>
<status status="PASS" starttime="20211213 23:56:01.136" endtime="20211213 23:56:01.153"/>
</kw>
<kw name="Evaluate" library="BuiltIn">
<var>${index}</var>
<arg>${index}+1</arg>
<doc>Evaluates the given expression in Python and returns the result.</doc>
<msg timestamp="20211213 23:56:01.154" level="INFO">${index} = 1</msg>
<status status="PASS" starttime="20211213 23:56:01.153" endtime="20211213 23:56:01.154"/>
</kw>
<status status="PASS" starttime="20211213 23:56:01.135" endtime="20211213 23:56:01.154"/>
</iter>
<iter>
<var name="${item}">&lt;selenium.webdriver.remote.webelement.WebElement (session="b7a721674e3825b614de4261b01e42b5", element="810c5f1c-0971-4313-8e77-7efb7134e020")&gt;</var>
<kw name="Get From List" library="Collections">
<var>${curItem}</var>
<arg>${azList}</arg>
<arg>${index}</arg>
<doc>Returns the value specified with an ``index`` from ``list``.</doc>
<msg timestamp="20211213 23:56:01.154" level="INFO">${curItem} = Sauce Labs Bike Light</msg>
<status status="PASS" starttime="20211213 23:56:01.154" endtime="20211213 23:56:01.154"/>
</kw>
<kw name="Should Be Equal" library="BuiltIn">
<arg>${item.text}</arg>
<arg>${curItem}</arg>
<doc>Fails if the given objects are unequal.</doc>
<status status="PASS" starttime="20211213 23:56:01.154" endtime="20211213 23:56:01.169"/>
</kw>
<kw name="Evaluate" library="BuiltIn">
<var>${index}</var>
<arg>${index}+1</arg>
<doc>Evaluates the given expression in Python and returns the result.</doc>
<msg timestamp="20211213 23:56:01.169" level="INFO">${index} = 2</msg>
<status status="PASS" starttime="20211213 23:56:01.169" endtime="20211213 23:56:01.169"/>
</kw>
<status status="PASS" starttime="20211213 23:56:01.154" endtime="20211213 23:56:01.169"/>
</iter>
<iter>
<var name="${item}">&lt;selenium.webdriver.remote.webelement.WebElement (session="b7a721674e3825b614de4261b01e42b5", element="39d38d1d-46ef-4921-9006-d51f7d87989f")&gt;</var>
<kw name="Get From List" library="Collections">
<var>${curItem}</var>
<arg>${azList}</arg>
<arg>${index}</arg>
<doc>Returns the value specified with an ``index`` from ``list``.</doc>
<msg timestamp="20211213 23:56:01.170" level="INFO">${curItem} = Sauce Labs Bolt T-Shirt</msg>
<status status="PASS" starttime="20211213 23:56:01.170" endtime="20211213 23:56:01.170"/>
</kw>
<kw name="Should Be Equal" library="BuiltIn">
<arg>${item.text}</arg>
<arg>${curItem}</arg>
<doc>Fails if the given objects are unequal.</doc>
<status status="PASS" starttime="20211213 23:56:01.170" endtime="20211213 23:56:01.180"/>
</kw>
<kw name="Evaluate" library="BuiltIn">
<var>${index}</var>
<arg>${index}+1</arg>
<doc>Evaluates the given expression in Python and returns the result.</doc>
<msg timestamp="20211213 23:56:01.180" level="INFO">${index} = 3</msg>
<status status="PASS" starttime="20211213 23:56:01.180" endtime="20211213 23:56:01.180"/>
</kw>
<status status="PASS" starttime="20211213 23:56:01.169" endtime="20211213 23:56:01.180"/>
</iter>
<iter>
<var name="${item}">&lt;selenium.webdriver.remote.webelement.WebElement (session="b7a721674e3825b614de4261b01e42b5", element="a0edfabd-1ee2-4380-ad72-15b722376c65")&gt;</var>
<kw name="Get From List" library="Collections">
<var>${curItem}</var>
<arg>${azList}</arg>
<arg>${index}</arg>
<doc>Returns the value specified with an ``index`` from ``list``.</doc>
<msg timestamp="20211213 23:56:01.182" level="INFO">${curItem} = Sauce Labs Fleece Jacket</msg>
<status status="PASS" starttime="20211213 23:56:01.181" endtime="20211213 23:56:01.182"/>
</kw>
<kw name="Should Be Equal" library="BuiltIn">
<arg>${item.text}</arg>
<arg>${curItem}</arg>
<doc>Fails if the given objects are unequal.</doc>
<status status="PASS" starttime="20211213 23:56:01.182" endtime="20211213 23:56:01.202"/>
</kw>
<kw name="Evaluate" library="BuiltIn">
<var>${index}</var>
<arg>${index}+1</arg>
<doc>Evaluates the given expression in Python and returns the result.</doc>
<msg timestamp="20211213 23:56:01.202" level="INFO">${index} = 4</msg>
<status status="PASS" starttime="20211213 23:56:01.202" endtime="20211213 23:56:01.203"/>
</kw>
<status status="PASS" starttime="20211213 23:56:01.181" endtime="20211213 23:56:01.203"/>
</iter>
<iter>
<var name="${item}">&lt;selenium.webdriver.remote.webelement.WebElement (session="b7a721674e3825b614de4261b01e42b5", element="a4cd6504-79f4-447f-8de8-cbc666eb5585")&gt;</var>
<kw name="Get From List" library="Collections">
<var>${curItem}</var>
<arg>${azList}</arg>
<arg>${index}</arg>
<doc>Returns the value specified with an ``index`` from ``list``.</doc>
<msg timestamp="20211213 23:56:01.203" level="INFO">${curItem} = Sauce Labs Onesie</msg>
<status status="PASS" starttime="20211213 23:56:01.203" endtime="20211213 23:56:01.203"/>
</kw>
<kw name="Should Be Equal" library="BuiltIn">
<arg>${item.text}</arg>
<arg>${curItem}</arg>
<doc>Fails if the given objects are unequal.</doc>
<status status="PASS" starttime="20211213 23:56:01.204" endtime="20211213 23:56:01.219"/>
</kw>
<kw name="Evaluate" library="BuiltIn">
<var>${index}</var>
<arg>${index}+1</arg>
<doc>Evaluates the given expression in Python and returns the result.</doc>
<msg timestamp="20211213 23:56:01.221" level="INFO">${index} = 5</msg>
<status status="PASS" starttime="20211213 23:56:01.220" endtime="20211213 23:56:01.221"/>
</kw>
<status status="PASS" starttime="20211213 23:56:01.203" endtime="20211213 23:56:01.222"/>
</iter>
<iter>
<var name="${item}">&lt;selenium.webdriver.remote.webelement.WebElement (session="b7a721674e3825b614de4261b01e42b5", element="e995d0f3-49ba-4761-a267-81109b02c9af")&gt;</var>
<kw name="Get From List" library="Collections">
<var>${curItem}</var>
<arg>${azList}</arg>
<arg>${index}</arg>
<doc>Returns the value specified with an ``index`` from ``list``.</doc>
<msg timestamp="20211213 23:56:01.223" level="INFO">${curItem} = Test.allTheThings() T-Shirt (Red)</msg>
<status status="PASS" starttime="20211213 23:56:01.222" endtime="20211213 23:56:01.223"/>
</kw>
<kw name="Should Be Equal" library="BuiltIn">
<arg>${item.text}</arg>
<arg>${curItem}</arg>
<doc>Fails if the given objects are unequal.</doc>
<status status="PASS" starttime="20211213 23:56:01.223" endtime="20211213 23:56:01.236"/>
</kw>
<kw name="Evaluate" library="BuiltIn">
<var>${index}</var>
<arg>${index}+1</arg>
<doc>Evaluates the given expression in Python and returns the result.</doc>
<msg timestamp="20211213 23:56:01.236" level="INFO">${index} = 6</msg>
<status status="PASS" starttime="20211213 23:56:01.236" endtime="20211213 23:56:01.236"/>
</kw>
<status status="PASS" starttime="20211213 23:56:01.222" endtime="20211213 23:56:01.236"/>
</iter>
<status status="PASS" starttime="20211213 23:56:01.135" endtime="20211213 23:56:01.236"/>
</for>
<status status="PASS" starttime="20211213 23:56:01.122" endtime="20211213 23:56:01.236"/>
</kw>
<kw name="Close Browser" library="SeleniumLibrary" type="TEARDOWN">
<doc>Closes the current browser.</doc>
<status status="PASS" starttime="20211213 23:56:01.237" endtime="20211213 23:56:03.436"/>
</kw>
<status status="PASS" starttime="20211213 23:55:57.041" endtime="20211213 23:56:03.436"/>
</test>
<test id="s1-s1-t6" name="Reverse Alphabetically Sort Product Names">
<kw name="Open Browser" library="SeleniumLibrary">
<arg>${EXER_URL}</arg>
<arg>${BROWSER}</arg>
<doc>Opens a new browser instance to the optional ``url``.</doc>
<msg timestamp="20211213 23:56:03.439" level="INFO">Opening browser 'chrome' to base url 'https://www.saucedemo.com/'.</msg>
<status status="PASS" starttime="20211213 23:56:03.438" endtime="20211213 23:56:06.257"/>
</kw>
<kw name="Maximize Browser Window" library="SeleniumLibrary">
<doc>Maximizes current browser window.</doc>
<status status="PASS" starttime="20211213 23:56:06.258" endtime="20211213 23:56:06.410"/>
</kw>
<kw name="Page Should Contain Element" library="SeleniumLibrary">
<arg>login-button</arg>
<doc>Verifies that element ``locator`` is found on the current page.</doc>
<msg timestamp="20211213 23:56:06.525" level="INFO">Current page contains element 'login-button'.</msg>
<status status="PASS" starttime="20211213 23:56:06.413" endtime="20211213 23:56:06.525"/>
</kw>
<kw name="Input Text" library="SeleniumLibrary">
<arg>user-name</arg>
<arg>${VALID_USER}</arg>
<doc>Types the given ``text`` into the text field identified by ``locator``.</doc>
<msg timestamp="20211213 23:56:06.531" level="INFO">Typing text 'standard_user' into text field 'user-name'.</msg>
<status status="PASS" starttime="20211213 23:56:06.527" endtime="20211213 23:56:06.673"/>
</kw>
<kw name="Input Password" library="SeleniumLibrary">
<arg>password</arg>
<arg>${VALID_PASS}</arg>
<doc>Types the given password into the text field identified by ``locator``.</doc>
<msg timestamp="20211213 23:56:06.675" level="INFO">Typing password into text field 'password'.</msg>
<msg timestamp="20211213 23:56:06.732" level="INFO">Temporally setting log level to: NONE</msg>
<msg timestamp="20211213 23:56:06.805" level="INFO">Log level changed from NONE to INFO.</msg>
<status status="PASS" starttime="20211213 23:56:06.674" endtime="20211213 23:56:06.806"/>
</kw>
<kw name="Click Button" library="SeleniumLibrary">
<arg>login-button</arg>
<doc>Clicks the button identified by ``locator``.</doc>
<msg timestamp="20211213 23:56:06.807" level="INFO">Clicking button 'login-button'.</msg>
<status status="PASS" starttime="20211213 23:56:06.806" endtime="20211213 23:56:06.941"/>
</kw>
<kw name="Page Should Contain" library="SeleniumLibrary">
<arg>Products</arg>
<doc>Verifies that current page contains ``text``.</doc>
<msg timestamp="20211213 23:56:06.962" level="INFO">Current page contains text 'Products'.</msg>
<status status="PASS" starttime="20211213 23:56:06.942" endtime="20211213 23:56:06.963"/>
</kw>
<kw name="Select From List By Value" library="SeleniumLibrary">
<arg>class:product_sort_container</arg>
<arg>za</arg>
<doc>Selects options from selection list ``locator`` by ``values``.</doc>
<msg timestamp="20211213 23:56:06.964" level="INFO">Selecting options from selection list 'class:product_sort_container' by value za.</msg>
<status status="PASS" starttime="20211213 23:56:06.963" endtime="20211213 23:56:07.041"/>
</kw>
<kw name="SORT_ZA">
<kw name="Set Variable" library="BuiltIn">
<var>${index}</var>
<arg>0</arg>
<doc>Returns the given values which can then be assigned to a variables.</doc>
<msg timestamp="20211213 23:56:07.042" level="INFO">${index} = 0</msg>
<status status="PASS" starttime="20211213 23:56:07.042" endtime="20211213 23:56:07.042"/>
</kw>
<kw name="Get WebElements" library="SeleniumLibrary">
<var>${products}</var>
<arg>class:inventory_item_name</arg>
<doc>Returns a list of WebElement objects matching the ``locator``.</doc>
<msg timestamp="20211213 23:56:07.053" level="INFO">${products} = [&lt;selenium.webdriver.remote.webelement.WebElement (session="011213a3221abe31372152a0bb36c8ec", element="ac89b734-7b1c-45bf-b2e6-d1c8ad3a34c7")&gt;, &lt;selenium.webdriver.remote.webelement.WebElement (sessi...</msg>
<status status="PASS" starttime="20211213 23:56:07.043" endtime="20211213 23:56:07.053"/>
</kw>
<for flavor="IN">
<var>${item}</var>
<value>@{products}</value>
<iter>
<var name="${item}">&lt;selenium.webdriver.remote.webelement.WebElement (session="011213a3221abe31372152a0bb36c8ec", element="ac89b734-7b1c-45bf-b2e6-d1c8ad3a34c7")&gt;</var>
<kw name="Get From List" library="Collections">
<var>${curItem}</var>
<arg>${zaList}</arg>
<arg>${index}</arg>
<doc>Returns the value specified with an ``index`` from ``list``.</doc>
<msg timestamp="20211213 23:56:07.053" level="INFO">${curItem} = Test.allTheThings() T-Shirt (Red)</msg>
<status status="PASS" starttime="20211213 23:56:07.053" endtime="20211213 23:56:07.053"/>
</kw>
<kw name="Should Be Equal" library="BuiltIn">
<arg>${item.text}</arg>
<arg>${curItem}</arg>
<doc>Fails if the given objects are unequal.</doc>
<status status="PASS" starttime="20211213 23:56:07.053" endtime="20211213 23:56:07.065"/>
</kw>
<kw name="Evaluate" library="BuiltIn">
<var>${index}</var>
<arg>${index}+1</arg>
<doc>Evaluates the given expression in Python and returns the result.</doc>
<msg timestamp="20211213 23:56:07.066" level="INFO">${index} = 1</msg>
<status status="PASS" starttime="20211213 23:56:07.066" endtime="20211213 23:56:07.066"/>
</kw>
<status status="PASS" starttime="20211213 23:56:07.053" endtime="20211213 23:56:07.066"/>
</iter>
<iter>
<var name="${item}">&lt;selenium.webdriver.remote.webelement.WebElement (session="011213a3221abe31372152a0bb36c8ec", element="8ebd8f5a-d0fd-4587-8d3e-b938ffddcd80")&gt;</var>
<kw name="Get From List" library="Collections">
<var>${curItem}</var>
<arg>${zaList}</arg>
<arg>${index}</arg>
<doc>Returns the value specified with an ``index`` from ``list``.</doc>
<msg timestamp="20211213 23:56:07.067" level="INFO">${curItem} = Sauce Labs Onesie</msg>
<status status="PASS" starttime="20211213 23:56:07.067" endtime="20211213 23:56:07.067"/>
</kw>
<kw name="Should Be Equal" library="BuiltIn">
<arg>${item.text}</arg>
<arg>${curItem}</arg>
<doc>Fails if the given objects are unequal.</doc>
<status status="PASS" starttime="20211213 23:56:07.068" endtime="20211213 23:56:07.088"/>
</kw>
<kw name="Evaluate" library="BuiltIn">
<var>${index}</var>
<arg>${index}+1</arg>
<doc>Evaluates the given expression in Python and returns the result.</doc>
<msg timestamp="20211213 23:56:07.089" level="INFO">${index} = 2</msg>
<status status="PASS" starttime="20211213 23:56:07.088" endtime="20211213 23:56:07.089"/>
</kw>
<status status="PASS" starttime="20211213 23:56:07.066" endtime="20211213 23:56:07.089"/>
</iter>
<iter>
<var name="${item}">&lt;selenium.webdriver.remote.webelement.WebElement (session="011213a3221abe31372152a0bb36c8ec", element="43d62436-6b4a-48ac-8875-15f6b5b77aec")&gt;</var>
<kw name="Get From List" library="Collections">
<var>${curItem}</var>
<arg>${zaList}</arg>
<arg>${index}</arg>
<doc>Returns the value specified with an ``index`` from ``list``.</doc>
<msg timestamp="20211213 23:56:07.090" level="INFO">${curItem} = Sauce Labs Fleece Jacket</msg>
<status status="PASS" starttime="20211213 23:56:07.089" endtime="20211213 23:56:07.090"/>
</kw>
<kw name="Should Be Equal" library="BuiltIn">
<arg>${item.text}</arg>
<arg>${curItem}</arg>
<doc>Fails if the given objects are unequal.</doc>
<status status="PASS" starttime="20211213 23:56:07.091" endtime="20211213 23:56:07.101"/>
</kw>
<kw name="Evaluate" library="BuiltIn">
<var>${index}</var>
<arg>${index}+1</arg>
<doc>Evaluates the given expression in Python and returns the result.</doc>
<msg timestamp="20211213 23:56:07.102" level="INFO">${index} = 3</msg>
<status status="PASS" starttime="20211213 23:56:07.101" endtime="20211213 23:56:07.102"/>
</kw>
<status status="PASS" starttime="20211213 23:56:07.089" endtime="20211213 23:56:07.102"/>
</iter>
<iter>
<var name="${item}">&lt;selenium.webdriver.remote.webelement.WebElement (session="011213a3221abe31372152a0bb36c8ec", element="41f7dd7d-5157-4c5b-9fdc-61e3558a1a5f")&gt;</var>
<kw name="Get From List" library="Collections">
<var>${curItem}</var>
<arg>${zaList}</arg>
<arg>${index}</arg>
<doc>Returns the value specified with an ``index`` from ``list``.</doc>
<msg timestamp="20211213 23:56:07.102" level="INFO">${curItem} = Sauce Labs Bolt T-Shirt</msg>
<status status="PASS" starttime="20211213 23:56:07.102" endtime="20211213 23:56:07.102"/>
</kw>
<kw name="Should Be Equal" library="BuiltIn">
<arg>${item.text}</arg>
<arg>${curItem}</arg>
<doc>Fails if the given objects are unequal.</doc>
<status status="PASS" starttime="20211213 23:56:07.102" endtime="20211213 23:56:07.112"/>
</kw>
<kw name="Evaluate" library="BuiltIn">
<var>${index}</var>
<arg>${index}+1</arg>
<doc>Evaluates the given expression in Python and returns the result.</doc>
<msg timestamp="20211213 23:56:07.112" level="INFO">${index} = 4</msg>
<status status="PASS" starttime="20211213 23:56:07.112" endtime="20211213 23:56:07.113"/>
</kw>
<status status="PASS" starttime="20211213 23:56:07.102" endtime="20211213 23:56:07.113"/>
</iter>
<iter>
<var name="${item}">&lt;selenium.webdriver.remote.webelement.WebElement (session="011213a3221abe31372152a0bb36c8ec", element="84633e95-9c53-40b7-beb5-07c5ce9e23a7")&gt;</var>
<kw name="Get From List" library="Collections">
<var>${curItem}</var>
<arg>${zaList}</arg>
<arg>${index}</arg>
<doc>Returns the value specified with an ``index`` from ``list``.</doc>
<msg timestamp="20211213 23:56:07.113" level="INFO">${curItem} = Sauce Labs Bike Light</msg>
<status status="PASS" starttime="20211213 23:56:07.113" endtime="20211213 23:56:07.113"/>
</kw>
<kw name="Should Be Equal" library="BuiltIn">
<arg>${item.text}</arg>
<arg>${curItem}</arg>
<doc>Fails if the given objects are unequal.</doc>
<status status="PASS" starttime="20211213 23:56:07.113" endtime="20211213 23:56:07.128"/>
</kw>
<kw name="Evaluate" library="BuiltIn">
<var>${index}</var>
<arg>${index}+1</arg>
<doc>Evaluates the given expression in Python and returns the result.</doc>
<msg timestamp="20211213 23:56:07.128" level="INFO">${index} = 5</msg>
<status status="PASS" starttime="20211213 23:56:07.128" endtime="20211213 23:56:07.128"/>
</kw>
<status status="PASS" starttime="20211213 23:56:07.113" endtime="20211213 23:56:07.129"/>
</iter>
<iter>
<var name="${item}">&lt;selenium.webdriver.remote.webelement.WebElement (session="011213a3221abe31372152a0bb36c8ec", element="0058f23c-cbac-4d6c-a01d-49a49c561503")&gt;</var>
<kw name="Get From List" library="Collections">
<var>${curItem}</var>
<arg>${zaList}</arg>
<arg>${index}</arg>
<doc>Returns the value specified with an ``index`` from ``list``.</doc>
<msg timestamp="20211213 23:56:07.129" level="INFO">${curItem} = Sauce Labs Backpack</msg>
<status status="PASS" starttime="20211213 23:56:07.129" endtime="20211213 23:56:07.129"/>
</kw>
<kw name="Should Be Equal" library="BuiltIn">
<arg>${item.text}</arg>
<arg>${curItem}</arg>
<doc>Fails if the given objects are unequal.</doc>
<status status="PASS" starttime="20211213 23:56:07.129" endtime="20211213 23:56:07.140"/>
</kw>
<kw name="Evaluate" library="BuiltIn">
<var>${index}</var>
<arg>${index}+1</arg>
<doc>Evaluates the given expression in Python and returns the result.</doc>
<msg timestamp="20211213 23:56:07.140" level="INFO">${index} = 6</msg>
<status status="PASS" starttime="20211213 23:56:07.140" endtime="20211213 23:56:07.140"/>
</kw>
<status status="PASS" starttime="20211213 23:56:07.129" endtime="20211213 23:56:07.140"/>
</iter>
<status status="PASS" starttime="20211213 23:56:07.053" endtime="20211213 23:56:07.140"/>
</for>
<status status="PASS" starttime="20211213 23:56:07.042" endtime="20211213 23:56:07.140"/>
</kw>
<kw name="Close Browser" library="SeleniumLibrary" type="TEARDOWN">
<doc>Closes the current browser.</doc>
<status status="PASS" starttime="20211213 23:56:07.141" endtime="20211213 23:56:09.345"/>
</kw>
<status status="PASS" starttime="20211213 23:56:03.438" endtime="20211213 23:56:09.346"/>
</test>
<test id="s1-s1-t7" name="Ascending Product Prices">
<kw name="Open Browser" library="SeleniumLibrary">
<arg>${EXER_URL}</arg>
<arg>${BROWSER}</arg>
<doc>Opens a new browser instance to the optional ``url``.</doc>
<msg timestamp="20211213 23:56:09.350" level="INFO">Opening browser 'chrome' to base url 'https://www.saucedemo.com/'.</msg>
<status status="PASS" starttime="20211213 23:56:09.349" endtime="20211213 23:56:12.130"/>
</kw>
<kw name="Maximize Browser Window" library="SeleniumLibrary">
<doc>Maximizes current browser window.</doc>
<status status="PASS" starttime="20211213 23:56:12.131" endtime="20211213 23:56:12.351"/>
</kw>
<kw name="Page Should Contain Element" library="SeleniumLibrary">
<arg>login-button</arg>
<doc>Verifies that element ``locator`` is found on the current page.</doc>
<msg timestamp="20211213 23:56:12.394" level="INFO">Current page contains element 'login-button'.</msg>
<status status="PASS" starttime="20211213 23:56:12.354" endtime="20211213 23:56:12.395"/>
</kw>
<kw name="Input Text" library="SeleniumLibrary">
<arg>user-name</arg>
<arg>${VALID_USER}</arg>
<doc>Types the given ``text`` into the text field identified by ``locator``.</doc>
<msg timestamp="20211213 23:56:12.396" level="INFO">Typing text 'standard_user' into text field 'user-name'.</msg>
<status status="PASS" starttime="20211213 23:56:12.395" endtime="20211213 23:56:12.530"/>
</kw>
<kw name="Input Password" library="SeleniumLibrary">
<arg>password</arg>
<arg>${VALID_PASS}</arg>
<doc>Types the given password into the text field identified by ``locator``.</doc>
<msg timestamp="20211213 23:56:12.531" level="INFO">Typing password into text field 'password'.</msg>
<msg timestamp="20211213 23:56:12.566" level="INFO">Temporally setting log level to: NONE</msg>
<msg timestamp="20211213 23:56:12.605" level="INFO">Log level changed from NONE to INFO.</msg>
<status status="PASS" starttime="20211213 23:56:12.530" endtime="20211213 23:56:12.605"/>
</kw>
<kw name="Click Button" library="SeleniumLibrary">
<arg>login-button</arg>
<doc>Clicks the button identified by ``locator``.</doc>
<msg timestamp="20211213 23:56:12.606" level="INFO">Clicking button 'login-button'.</msg>
<status status="PASS" starttime="20211213 23:56:12.606" endtime="20211213 23:56:12.723"/>
</kw>
<kw name="Page Should Contain" library="SeleniumLibrary">
<arg>Products</arg>
<doc>Verifies that current page contains ``text``.</doc>
<msg timestamp="20211213 23:56:12.745" level="INFO">Current page contains text 'Products'.</msg>
<status status="PASS" starttime="20211213 23:56:12.723" endtime="20211213 23:56:12.746"/>
</kw>
<kw name="Select From List By Value" library="SeleniumLibrary">
<arg>class:product_sort_container</arg>
<arg>lohi</arg>
<doc>Selects options from selection list ``locator`` by ``values``.</doc>
<msg timestamp="20211213 23:56:12.746" level="INFO">Selecting options from selection list 'class:product_sort_container' by value lohi.</msg>
<status status="PASS" starttime="20211213 23:56:12.746" endtime="20211213 23:56:12.841"/>
</kw>
<kw name="SORT_ASC">
<kw name="Set Variable" library="BuiltIn">
<var>${index}</var>
<arg>0</arg>
<doc>Returns the given values which can then be assigned to a variables.</doc>
<msg timestamp="20211213 23:56:12.843" level="INFO">${index} = 0</msg>
<status status="PASS" starttime="20211213 23:56:12.842" endtime="20211213 23:56:12.844"/>
</kw>
<kw name="Get WebElements" library="SeleniumLibrary">
<var>${products}</var>
<arg>class:inventory_item_price</arg>
<doc>Returns a list of WebElement objects matching the ``locator``.</doc>
<msg timestamp="20211213 23:56:12.859" level="INFO">${products} = [&lt;selenium.webdriver.remote.webelement.WebElement (session="9053740c13c9e0bcb79b7986458417b5", element="6ddf9273-4b94-4448-93dc-0417f3644a6e")&gt;, &lt;selenium.webdriver.remote.webelement.WebElement (sessi...</msg>
<status status="PASS" starttime="20211213 23:56:12.845" endtime="20211213 23:56:12.859"/>
</kw>
<for flavor="IN">
<var>${item}</var>
<value>@{products}</value>
<iter>
<var name="${item}">&lt;selenium.webdriver.remote.webelement.WebElement (session="9053740c13c9e0bcb79b7986458417b5", element="6ddf9273-4b94-4448-93dc-0417f3644a6e")&gt;</var>
<kw name="Get From List" library="Collections">
<var>${curItem}</var>
<arg>${ascPriceList}</arg>
<arg>${index}</arg>
<doc>Returns the value specified with an ``index`` from ``list``.</doc>
<msg timestamp="20211213 23:56:12.860" level="INFO">${curItem} = $7.99</msg>
<status status="PASS" starttime="20211213 23:56:12.859" endtime="20211213 23:56:12.860"/>
</kw>
<kw name="Should Be Equal" library="BuiltIn">
<arg>${item.text}</arg>
<arg>${curItem}</arg>
<doc>Fails if the given objects are unequal.</doc>
<status status="PASS" starttime="20211213 23:56:12.860" endtime="20211213 23:56:12.871"/>
</kw>
<kw name="Evaluate" library="BuiltIn">
<var>${index}</var>
<arg>${index}+1</arg>
<doc>Evaluates the given expression in Python and returns the result.</doc>
<msg timestamp="20211213 23:56:12.872" level="INFO">${index} = 1</msg>
<status status="PASS" starttime="20211213 23:56:12.871" endtime="20211213 23:56:12.872"/>
</kw>
<status status="PASS" starttime="20211213 23:56:12.859" endtime="20211213 23:56:12.872"/>
</iter>
<iter>
<var name="${item}">&lt;selenium.webdriver.remote.webelement.WebElement (session="9053740c13c9e0bcb79b7986458417b5", element="b3f0da08-4e89-4d6c-b40d-389f60892097")&gt;</var>
<kw name="Get From List" library="Collections">
<var>${curItem}</var>
<arg>${ascPriceList}</arg>
<arg>${index}</arg>
<doc>Returns the value specified with an ``index`` from ``list``.</doc>
<msg timestamp="20211213 23:56:12.872" level="INFO">${curItem} = $9.99</msg>
<status status="PASS" starttime="20211213 23:56:12.872" endtime="20211213 23:56:12.872"/>
</kw>
<kw name="Should Be Equal" library="BuiltIn">
<arg>${item.text}</arg>
<arg>${curItem}</arg>
<doc>Fails if the given objects are unequal.</doc>
<status status="PASS" starttime="20211213 23:56:12.872" endtime="20211213 23:56:12.884"/>
</kw>
<kw name="Evaluate" library="BuiltIn">
<var>${index}</var>
<arg>${index}+1</arg>
<doc>Evaluates the given expression in Python and returns the result.</doc>
<msg timestamp="20211213 23:56:12.886" level="INFO">${index} = 2</msg>
<status status="PASS" starttime="20211213 23:56:12.885" endtime="20211213 23:56:12.886"/>
</kw>
<status status="PASS" starttime="20211213 23:56:12.872" endtime="20211213 23:56:12.886"/>
</iter>
<iter>
<var name="${item}">&lt;selenium.webdriver.remote.webelement.WebElement (session="9053740c13c9e0bcb79b7986458417b5", element="5b7196f8-8cc0-443a-b5c7-73b90402b962")&gt;</var>
<kw name="Get From List" library="Collections">
<var>${curItem}</var>
<arg>${ascPriceList}</arg>
<arg>${index}</arg>
<doc>Returns the value specified with an ``index`` from ``list``.</doc>
<msg timestamp="20211213 23:56:12.887" level="INFO">${curItem} = $15.99</msg>
<status status="PASS" starttime="20211213 23:56:12.886" endtime="20211213 23:56:12.887"/>
</kw>
<kw name="Should Be Equal" library="BuiltIn">
<arg>${item.text}</arg>
<arg>${curItem}</arg>
<doc>Fails if the given objects are unequal.</doc>
<status status="PASS" starttime="20211213 23:56:12.887" endtime="20211213 23:56:12.897"/>
</kw>
<kw name="Evaluate" library="BuiltIn">
<var>${index}</var>
<arg>${index}+1</arg>
<doc>Evaluates the given expression in Python and returns the result.</doc>
<msg timestamp="20211213 23:56:12.897" level="INFO">${index} = 3</msg>
<status status="PASS" starttime="20211213 23:56:12.897" endtime="20211213 23:56:12.897"/>
</kw>
<status status="PASS" starttime="20211213 23:56:12.886" endtime="20211213 23:56:12.897"/>
</iter>
<iter>
<var name="${item}">&lt;selenium.webdriver.remote.webelement.WebElement (session="9053740c13c9e0bcb79b7986458417b5", element="4bcb78c4-4722-4391-993a-89fb8cca48ad")&gt;</var>
<kw name="Get From List" library="Collections">
<var>${curItem}</var>
<arg>${ascPriceList}</arg>
<arg>${index}</arg>
<doc>Returns the value specified with an ``index`` from ``list``.</doc>
<msg timestamp="20211213 23:56:12.897" level="INFO">${curItem} = $15.99</msg>
<status status="PASS" starttime="20211213 23:56:12.897" endtime="20211213 23:56:12.897"/>
</kw>
<kw name="Should Be Equal" library="BuiltIn">
<arg>${item.text}</arg>
<arg>${curItem}</arg>
<doc>Fails if the given objects are unequal.</doc>
<status status="PASS" starttime="20211213 23:56:12.898" endtime="20211213 23:56:12.907"/>
</kw>
<kw name="Evaluate" library="BuiltIn">
<var>${index}</var>
<arg>${index}+1</arg>
<doc>Evaluates the given expression in Python and returns the result.</doc>
<msg timestamp="20211213 23:56:12.907" level="INFO">${index} = 4</msg>
<status status="PASS" starttime="20211213 23:56:12.907" endtime="20211213 23:56:12.907"/>
</kw>
<status status="PASS" starttime="20211213 23:56:12.897" endtime="20211213 23:56:12.907"/>
</iter>
<iter>
<var name="${item}">&lt;selenium.webdriver.remote.webelement.WebElement (session="9053740c13c9e0bcb79b7986458417b5", element="71abe617-41c5-42dd-96ec-84949761dc6d")&gt;</var>
<kw name="Get From List" library="Collections">
<var>${curItem}</var>
<arg>${ascPriceList}</arg>
<arg>${index}</arg>
<doc>Returns the value specified with an ``index`` from ``list``.</doc>
<msg timestamp="20211213 23:56:12.908" level="INFO">${curItem} = $29.99</msg>
<status status="PASS" starttime="20211213 23:56:12.907" endtime="20211213 23:56:12.908"/>
</kw>
<kw name="Should Be Equal" library="BuiltIn">
<arg>${item.text}</arg>
<arg>${curItem}</arg>
<doc>Fails if the given objects are unequal.</doc>
<status status="PASS" starttime="20211213 23:56:12.908" endtime="20211213 23:56:12.921"/>
</kw>
<kw name="Evaluate" library="BuiltIn">
<var>${index}</var>
<arg>${index}+1</arg>
<doc>Evaluates the given expression in Python and returns the result.</doc>
<msg timestamp="20211213 23:56:12.922" level="INFO">${index} = 5</msg>
<status status="PASS" starttime="20211213 23:56:12.921" endtime="20211213 23:56:12.922"/>
</kw>
<status status="PASS" starttime="20211213 23:56:12.907" endtime="20211213 23:56:12.922"/>
</iter>
<iter>
<var name="${item}">&lt;selenium.webdriver.remote.webelement.WebElement (session="9053740c13c9e0bcb79b7986458417b5", element="776bda7d-c5f6-4690-b36d-68b1cec9e4d1")&gt;</var>
<kw name="Get From List" library="Collections">
<var>${curItem}</var>
<arg>${ascPriceList}</arg>
<arg>${index}</arg>
<doc>Returns the value specified with an ``index`` from ``list``.</doc>
<msg timestamp="20211213 23:56:12.922" level="INFO">${curItem} = $49.99</msg>
<status status="PASS" starttime="20211213 23:56:12.922" endtime="20211213 23:56:12.922"/>
</kw>
<kw name="Should Be Equal" library="BuiltIn">
<arg>${item.text}</arg>
<arg>${curItem}</arg>
<doc>Fails if the given objects are unequal.</doc>
<status status="PASS" starttime="20211213 23:56:12.922" endtime="20211213 23:56:12.931"/>
</kw>
<kw name="Evaluate" library="BuiltIn">
<var>${index}</var>
<arg>${index}+1</arg>
<doc>Evaluates the given expression in Python and returns the result.</doc>
<msg timestamp="20211213 23:56:12.932" level="INFO">${index} = 6</msg>
<status status="PASS" starttime="20211213 23:56:12.931" endtime="20211213 23:56:12.932"/>
</kw>
<status status="PASS" starttime="20211213 23:56:12.922" endtime="20211213 23:56:12.932"/>
</iter>
<status status="PASS" starttime="20211213 23:56:12.859" endtime="20211213 23:56:12.932"/>
</for>
<status status="PASS" starttime="20211213 23:56:12.842" endtime="20211213 23:56:12.932"/>
</kw>
<kw name="Close Browser" library="SeleniumLibrary" type="TEARDOWN">
<doc>Closes the current browser.</doc>
<status status="PASS" starttime="20211213 23:56:12.933" endtime="20211213 23:56:15.062"/>
</kw>
<status status="PASS" starttime="20211213 23:56:09.348" endtime="20211213 23:56:15.062"/>
</test>
<test id="s1-s1-t8" name="Ascending Product Prices">
<kw name="Open Browser" library="SeleniumLibrary">
<arg>${EXER_URL}</arg>
<arg>${BROWSER}</arg>
<doc>Opens a new browser instance to the optional ``url``.</doc>
<msg timestamp="20211213 23:56:15.066" level="INFO">Opening browser 'chrome' to base url 'https://www.saucedemo.com/'.</msg>
<status status="PASS" starttime="20211213 23:56:15.066" endtime="20211213 23:56:17.366"/>
</kw>
<kw name="Maximize Browser Window" library="SeleniumLibrary">
<doc>Maximizes current browser window.</doc>
<status status="PASS" starttime="20211213 23:56:17.367" endtime="20211213 23:56:17.509"/>
</kw>
<kw name="Page Should Contain Element" library="SeleniumLibrary">
<arg>login-button</arg>
<doc>Verifies that element ``locator`` is found on the current page.</doc>
<msg timestamp="20211213 23:56:17.558" level="INFO">Current page contains element 'login-button'.</msg>
<status status="PASS" starttime="20211213 23:56:17.509" endtime="20211213 23:56:17.559"/>
</kw>
<kw name="Input Text" library="SeleniumLibrary">
<arg>user-name</arg>
<arg>${VALID_USER}</arg>
<doc>Types the given ``text`` into the text field identified by ``locator``.</doc>
<msg timestamp="20211213 23:56:17.566" level="INFO">Typing text 'standard_user' into text field 'user-name'.</msg>
<status status="PASS" starttime="20211213 23:56:17.563" endtime="20211213 23:56:17.763"/>
</kw>
<kw name="Input Password" library="SeleniumLibrary">
<arg>password</arg>
<arg>${VALID_PASS}</arg>
<doc>Types the given password into the text field identified by ``locator``.</doc>
<msg timestamp="20211213 23:56:17.764" level="INFO">Typing password into text field 'password'.</msg>
<msg timestamp="20211213 23:56:17.804" level="INFO">Temporally setting log level to: NONE</msg>
<msg timestamp="20211213 23:56:17.863" level="INFO">Log level changed from NONE to INFO.</msg>
<status status="PASS" starttime="20211213 23:56:17.764" endtime="20211213 23:56:17.863"/>
</kw>
<kw name="Click Button" library="SeleniumLibrary">
<arg>login-button</arg>
<doc>Clicks the button identified by ``locator``.</doc>
<msg timestamp="20211213 23:56:17.864" level="INFO">Clicking button 'login-button'.</msg>
<status status="PASS" starttime="20211213 23:56:17.863" endtime="20211213 23:56:18.002"/>
</kw>
<kw name="Page Should Contain" library="SeleniumLibrary">
<arg>Products</arg>
<doc>Verifies that current page contains ``text``.</doc>
<msg timestamp="20211213 23:56:18.031" level="INFO">Current page contains text 'Products'.</msg>
<status status="PASS" starttime="20211213 23:56:18.004" endtime="20211213 23:56:18.031"/>
</kw>
<kw name="Select From List By Value" library="SeleniumLibrary">
<arg>class:product_sort_container</arg>
<arg>hilo</arg>
<doc>Selects options from selection list ``locator`` by ``values``.</doc>
<msg timestamp="20211213 23:56:18.032" level="INFO">Selecting options from selection list 'class:product_sort_container' by value hilo.</msg>
<status status="PASS" starttime="20211213 23:56:18.031" endtime="20211213 23:56:18.206"/>
</kw>
<kw name="SORT_DESC">
<kw name="Set Variable" library="BuiltIn">
<var>${index}</var>
<arg>0</arg>
<doc>Returns the given values which can then be assigned to a variables.</doc>
<msg timestamp="20211213 23:56:18.209" level="INFO">${index} = 0</msg>
<status status="PASS" starttime="20211213 23:56:18.208" endtime="20211213 23:56:18.209"/>
</kw>
<kw name="Get WebElements" library="SeleniumLibrary">
<var>${products}</var>
<arg>class:inventory_item_price</arg>
<doc>Returns a list of WebElement objects matching the ``locator``.</doc>
<msg timestamp="20211213 23:56:18.228" level="INFO">${products} = [&lt;selenium.webdriver.remote.webelement.WebElement (session="8e31fe5539a03536cc0a1a867bc3c906", element="b7e892c9-c36b-4f2d-bec8-edc773ba44ad")&gt;, &lt;selenium.webdriver.remote.webelement.WebElement (sessi...</msg>
<status status="PASS" starttime="20211213 23:56:18.210" endtime="20211213 23:56:18.229"/>
</kw>
<for flavor="IN">
<var>${item}</var>
<value>@{products}</value>
<iter>
<var name="${item}">&lt;selenium.webdriver.remote.webelement.WebElement (session="8e31fe5539a03536cc0a1a867bc3c906", element="b7e892c9-c36b-4f2d-bec8-edc773ba44ad")&gt;</var>
<kw name="Get From List" library="Collections">
<var>${curItem}</var>
<arg>${descPriceList}</arg>
<arg>${index}</arg>
<doc>Returns the value specified with an ``index`` from ``list``.</doc>
<msg timestamp="20211213 23:56:18.235" level="INFO">${curItem} = $49.99</msg>
<status status="PASS" starttime="20211213 23:56:18.233" endtime="20211213 23:56:18.235"/>
</kw>
<kw name="Should Be Equal" library="BuiltIn">
<arg>${item.text}</arg>
<arg>${curItem}</arg>
<doc>Fails if the given objects are unequal.</doc>
<status status="PASS" starttime="20211213 23:56:18.235" endtime="20211213 23:56:18.265"/>
</kw>
<kw name="Evaluate" library="BuiltIn">
<var>${index}</var>
<arg>${index}+1</arg>
<doc>Evaluates the given expression in Python and returns the result.</doc>
<msg timestamp="20211213 23:56:18.266" level="INFO">${index} = 1</msg>
<status status="PASS" starttime="20211213 23:56:18.265" endtime="20211213 23:56:18.266"/>
</kw>
<status status="PASS" starttime="20211213 23:56:18.231" endtime="20211213 23:56:18.266"/>
</iter>
<iter>
<var name="${item}">&lt;selenium.webdriver.remote.webelement.WebElement (session="8e31fe5539a03536cc0a1a867bc3c906", element="3127fd1e-3807-46ed-a272-bdcbff33fa6a")&gt;</var>
<kw name="Get From List" library="Collections">
<var>${curItem}</var>
<arg>${descPriceList}</arg>
<arg>${index}</arg>
<doc>Returns the value specified with an ``index`` from ``list``.</doc>
<msg timestamp="20211213 23:56:18.269" level="INFO">${curItem} = $29.99</msg>
<status status="PASS" starttime="20211213 23:56:18.267" endtime="20211213 23:56:18.269"/>
</kw>
<kw name="Should Be Equal" library="BuiltIn">
<arg>${item.text}</arg>
<arg>${curItem}</arg>
<doc>Fails if the given objects are unequal.</doc>
<status status="PASS" starttime="20211213 23:56:18.269" endtime="20211213 23:56:18.305"/>
</kw>
<kw name="Evaluate" library="BuiltIn">
<var>${index}</var>
<arg>${index}+1</arg>
<doc>Evaluates the given expression in Python and returns the result.</doc>
<msg timestamp="20211213 23:56:18.306" level="INFO">${index} = 2</msg>
<status status="PASS" starttime="20211213 23:56:18.306" endtime="20211213 23:56:18.306"/>
</kw>
<status status="PASS" starttime="20211213 23:56:18.267" endtime="20211213 23:56:18.307"/>
</iter>
<iter>
<var name="${item}">&lt;selenium.webdriver.remote.webelement.WebElement (session="8e31fe5539a03536cc0a1a867bc3c906", element="6a146a47-58ed-4350-80a7-9caafaafef5c")&gt;</var>
<kw name="Get From List" library="Collections">
<var>${curItem}</var>
<arg>${descPriceList}</arg>
<arg>${index}</arg>
<doc>Returns the value specified with an ``index`` from ``list``.</doc>
<msg timestamp="20211213 23:56:18.308" level="INFO">${curItem} = $15.99</msg>
<status status="PASS" starttime="20211213 23:56:18.307" endtime="20211213 23:56:18.308"/>
</kw>
<kw name="Should Be Equal" library="BuiltIn">
<arg>${item.text}</arg>
<arg>${curItem}</arg>
<doc>Fails if the given objects are unequal.</doc>
<status status="PASS" starttime="20211213 23:56:18.309" endtime="20211213 23:56:18.362"/>
</kw>
<kw name="Evaluate" library="BuiltIn">
<var>${index}</var>
<arg>${index}+1</arg>
<doc>Evaluates the given expression in Python and returns the result.</doc>
<msg timestamp="20211213 23:56:18.363" level="INFO">${index} = 3</msg>
<status status="PASS" starttime="20211213 23:56:18.362" endtime="20211213 23:56:18.363"/>
</kw>
<status status="PASS" starttime="20211213 23:56:18.307" endtime="20211213 23:56:18.364"/>
</iter>
<iter>
<var name="${item}">&lt;selenium.webdriver.remote.webelement.WebElement (session="8e31fe5539a03536cc0a1a867bc3c906", element="41f7f3ea-f4da-447b-9364-14110b6c923c")&gt;</var>
<kw name="Get From List" library="Collections">
<var>${curItem}</var>
<arg>${descPriceList}</arg>
<arg>${index}</arg>
<doc>Returns the value specified with an ``index`` from ``list``.</doc>
<msg timestamp="20211213 23:56:18.365" level="INFO">${curItem} = $15.99</msg>
<status status="PASS" starttime="20211213 23:56:18.364" endtime="20211213 23:56:18.365"/>
</kw>
<kw name="Should Be Equal" library="BuiltIn">
<arg>${item.text}</arg>
<arg>${curItem}</arg>
<doc>Fails if the given objects are unequal.</doc>
<status status="PASS" starttime="20211213 23:56:18.365" endtime="20211213 23:56:18.382"/>
</kw>
<kw name="Evaluate" library="BuiltIn">
<var>${index}</var>
<arg>${index}+1</arg>
<doc>Evaluates the given expression in Python and returns the result.</doc>
<msg timestamp="20211213 23:56:18.383" level="INFO">${index} = 4</msg>
<status status="PASS" starttime="20211213 23:56:18.382" endtime="20211213 23:56:18.383"/>
</kw>
<status status="PASS" starttime="20211213 23:56:18.364" endtime="20211213 23:56:18.383"/>
</iter>
<iter>
<var name="${item}">&lt;selenium.webdriver.remote.webelement.WebElement (session="8e31fe5539a03536cc0a1a867bc3c906", element="d77add8a-5e6a-4c99-abf9-6e570d3def37")&gt;</var>
<kw name="Get From List" library="Collections">
<var>${curItem}</var>
<arg>${descPriceList}</arg>
<arg>${index}</arg>
<doc>Returns the value specified with an ``index`` from ``list``.</doc>
<msg timestamp="20211213 23:56:18.388" level="INFO">${curItem} = $9.99</msg>
<status status="PASS" starttime="20211213 23:56:18.386" endtime="20211213 23:56:18.388"/>
</kw>
<kw name="Should Be Equal" library="BuiltIn">
<arg>${item.text}</arg>
<arg>${curItem}</arg>
<doc>Fails if the given objects are unequal.</doc>
<status status="PASS" starttime="20211213 23:56:18.388" endtime="20211213 23:56:18.401"/>
</kw>
<kw name="Evaluate" library="BuiltIn">
<var>${index}</var>
<arg>${index}+1</arg>
<doc>Evaluates the given expression in Python and returns the result.</doc>
<msg timestamp="20211213 23:56:18.402" level="INFO">${index} = 5</msg>
<status status="PASS" starttime="20211213 23:56:18.401" endtime="20211213 23:56:18.402"/>
</kw>
<status status="PASS" starttime="20211213 23:56:18.385" endtime="20211213 23:56:18.402"/>
</iter>
<iter>
<var name="${item}">&lt;selenium.webdriver.remote.webelement.WebElement (session="8e31fe5539a03536cc0a1a867bc3c906", element="f008ec14-c88a-446c-9574-a1a8642859dd")&gt;</var>
<kw name="Get From List" library="Collections">
<var>${curItem}</var>
<arg>${descPriceList}</arg>
<arg>${index}</arg>
<doc>Returns the value specified with an ``index`` from ``list``.</doc>
<msg timestamp="20211213 23:56:18.402" level="INFO">${curItem} = $7.99</msg>
<status status="PASS" starttime="20211213 23:56:18.402" endtime="20211213 23:56:18.402"/>
</kw>
<kw name="Should Be Equal" library="BuiltIn">
<arg>${item.text}</arg>
<arg>${curItem}</arg>
<doc>Fails if the given objects are unequal.</doc>
<status status="PASS" starttime="20211213 23:56:18.402" endtime="20211213 23:56:18.421"/>
</kw>
<kw name="Evaluate" library="BuiltIn">
<var>${index}</var>
<arg>${index}+1</arg>
<doc>Evaluates the given expression in Python and returns the result.</doc>
<msg timestamp="20211213 23:56:18.422" level="INFO">${index} = 6</msg>
<status status="PASS" starttime="20211213 23:56:18.421" endtime="20211213 23:56:18.422"/>
</kw>
<status status="PASS" starttime="20211213 23:56:18.402" endtime="20211213 23:56:18.422"/>
</iter>
<status status="PASS" starttime="20211213 23:56:18.230" endtime="20211213 23:56:18.422"/>
</for>
<status status="PASS" starttime="20211213 23:56:18.207" endtime="20211213 23:56:18.422"/>
</kw>
<kw name="Close Browser" library="SeleniumLibrary" type="TEARDOWN">
<doc>Closes the current browser.</doc>
<status status="PASS" starttime="20211213 23:56:18.423" endtime="20211213 23:56:20.734"/>
</kw>
<status status="PASS" starttime="20211213 23:56:15.065" endtime="20211213 23:56:20.734"/>
</test>
<doc>A test suite with all the test cases for the Selenium IDE and Robot framework exercise.

These tests have a workflow that is created using keywords in the
imported resource file.</doc>
<status status="PASS" starttime="20211213 23:55:32.356" endtime="20211213 23:56:20.736"/>
</suite>
<status status="PASS" starttime="20211213 23:55:32.330" endtime="20211213 23:56:20.741"/>
</suite>
<statistics>
<total>
<stat pass="8" fail="0" skip="0">All Tests</stat>
</total>
<tag>
</tag>
<suite>
<stat pass="8" fail="0" skip="0" id="s1" name="Tests">Tests</stat>
<stat pass="8" fail="0" skip="0" id="s1-s1" name="Robot Selenium Exercise">Tests.Robot Selenium Exercise</stat>
</suite>
</statistics>
<errors>
<msg timestamp="20211213 23:56:15.064" level="WARN">Multiple test cases with name 'Ascending Product Prices' executed in test suite 'Tests.Robot Selenium Exercise'.</msg>
</errors>
</robot>
